Using pre-set license
Built from '2021.1/staging' branch; Version is '2021.1.26f1 (6f076387c01d) revision 7276387'; Using compiler version '192528614'; Build Type 'Release'
OS: 'Windows 10 Home; OS build 19042.1288; Version 2009; 64bit' Language: 'es' Physical Memory: 16318 MB
BatchMode: 1, IsHumanControllingUs: 0, StartBugReporterOnCrash: 0, Is64bit: 1, IsPro: 0

COMMAND LINE ARGUMENTS:
C:\Program Files\Unity\Hub\Editor\2021.1.26f1\Editor\Unity.exe
-adb2
-batchMode
-noUpm
-name
AssetImportWorker0
-projectPath
E:/GitHub/Mapping-SteamPunk/New Unity Project
-logFile
Logs/AssetImportWorker0.log
-srvPort
56112
Successfully changed project path to: E:/GitHub/Mapping-SteamPunk/New Unity Project
E:/GitHub/Mapping-SteamPunk/New Unity Project
Using Asset Import Pipeline V2.
Refreshing native plugins compatible for Editor in 70.74 ms, found 2 plugins.
Preloading 0 native plugins for Editor in 0.00 ms.
Initialize engine version: 2021.1.26f1 (6f076387c01d)
[Subsystems] Discovering subsystems at path C:/Program Files/Unity/Hub/Editor/2021.1.26f1/Editor/Data/Resources/UnitySubsystems
[Subsystems] Discovering subsystems at path E:/GitHub/Mapping-SteamPunk/New Unity Project/Assets
GfxDevice: creating device client; threaded=0; jobified=0
Direct3D:
    Version:  Direct3D 11.0 [level 11.1]
    Renderer: NVIDIA GeForce RTX 2060 (ID=0x1f08)
    Vendor:   NVIDIA
    VRAM:     5980 MB
    Driver:   30.0.14.7111
Initialize mono
Mono path[0] = 'C:/Program Files/Unity/Hub/Editor/2021.1.26f1/Editor/Data/Managed'
Mono path[1] = 'C:/Program Files/Unity/Hub/Editor/2021.1.26f1/Editor/Data/MonoBleedingEdge/lib/mono/unityjit'
Mono config path = 'C:/Program Files/Unity/Hub/Editor/2021.1.26f1/Editor/Data/MonoBleedingEdge/etc'
Using monoOptions --debugger-agent=transport=dt_socket,embedding=1,server=y,suspend=n,address=127.0.0.1:56844
Begin MonoManager ReloadAssembly
Registering precompiled unity dll's ...
Register platform support module: C:/Program Files/Unity/Hub/Editor/2021.1.26f1/Editor/Data/PlaybackEngines/WindowsStandaloneSupport/UnityEditor.WindowsStandalone.Extensions.dll
Registered in 0.001530 seconds.
Native extension for WindowsStandalone target not found
Refreshing native plugins compatible for Editor in 70.60 ms, found 2 plugins.
Preloading 0 native plugins for Editor in 0.00 ms.
Mono: successfully reloaded assembly
- Completed reload, in  1.113 seconds
Domain Reload Profiling:
	ReloadAssembly (1113ms)
		BeginReloadAssembly (58ms)
			ExecutionOrderSort (0ms)
			DisableScriptedObjects (0ms)
			BackupInstance (0ms)
			ReleaseScriptingObjects (0ms)
			CreateAndSetChildDomain (1ms)
		EndReloadAssembly (457ms)
			LoadAssemblies (56ms)
			RebuildTransferFunctionScriptingTraits (0ms)
			SetupTypeCache (162ms)
			ReleaseScriptCaches (0ms)
			RebuildScriptCaches (27ms)
			SetupLoadedEditorAssemblies (216ms)
				LogAssemblyErrors (0ms)
				InitializePlatformSupportModulesInManaged (5ms)
				SetLoadedEditorAssemblies (0ms)
				RefreshPlugins (71ms)
				BeforeProcessingInitializeOnLoad (1ms)
				ProcessInitializeOnLoadAttributes (108ms)
				ProcessInitializeOnLoadMethodAttributes (31ms)
				AfterProcessingInitializeOnLoad (0ms)
				EditorAssembliesLoaded (0ms)
			ExecutionOrderSort2 (0ms)
			AwakeInstancesAfterBackupRestoration (0ms)
Platform modules already initialized, skipping
Registering precompiled user dll's ...
Registered in 0.002908 seconds.
Begin MonoManager ReloadAssembly
Native extension for WindowsStandalone target not found
Refreshing native plugins compatible for Editor in 82.72 ms, found 2 plugins.
Preloading 0 native plugins for Editor in 0.00 ms.
Mono: successfully reloaded assembly
- Completed reload, in  1.867 seconds
Domain Reload Profiling:
	ReloadAssembly (1868ms)
		BeginReloadAssembly (211ms)
			ExecutionOrderSort (0ms)
			DisableScriptedObjects (6ms)
			BackupInstance (0ms)
			ReleaseScriptingObjects (0ms)
			CreateAndSetChildDomain (35ms)
		EndReloadAssembly (1597ms)
			LoadAssemblies (360ms)
			RebuildTransferFunctionScriptingTraits (0ms)
			SetupTypeCache (563ms)
			ReleaseScriptCaches (1ms)
			RebuildScriptCaches (85ms)
			SetupLoadedEditorAssemblies (494ms)
				LogAssemblyErrors (0ms)
				InitializePlatformSupportModulesInManaged (4ms)
				SetLoadedEditorAssemblies (0ms)
				RefreshPlugins (83ms)
				BeforeProcessingInitializeOnLoad (75ms)
				ProcessInitializeOnLoadAttributes (262ms)
				ProcessInitializeOnLoadMethodAttributes (64ms)
				AfterProcessingInitializeOnLoad (7ms)
				EditorAssembliesLoaded (0ms)
			ExecutionOrderSort2 (0ms)
			AwakeInstancesAfterBackupRestoration (6ms)
Platform modules already initialized, skipping
========================================================================
Worker process is ready to serve import requests
Launched and connected shader compiler UnityShaderCompiler.exe after 0.07 seconds
Refreshing native plugins compatible for Editor in 1.21 ms, found 2 plugins.
Preloading 0 native plugins for Editor in 0.00 ms.
Unloading 3574 Unused Serialized files (Serialized files now loaded: 0)
System memory in use before: 154.5 MB.
System memory in use after: 154.7 MB.

Unloading 19 unused Assets to reduce memory usage. Loaded Objects now: 4039.
Total: 3.582400 ms (FindLiveObjects: 0.260800 ms CreateObjectMapping: 0.170700 ms MarkObjects: 3.090100 ms  DeleteObjects: 0.059800 ms)

AssetImportParameters requested are different than current active one (requested -> active):
  custom:framework-win-MediaFoundation: 216162199b28c13a410421893ffa2e32 -> 
  custom:video-decoder-ogg-theora: a1e56fd34408186e4bbccfd4996cb3dc -> 
  custom:container-muxer-webm: aa71ff27fc2769a1b78a27578f13a17b -> 
  custom:container-demuxer-webm: 4f35f7cbe854078d1ac9338744f61a02 -> 
  custom:container-demuxer-ogg: 62fdf1f143b41e24485cea50d1cbac27 -> 
  custom:srp/default-shader: 0d000000000000000000000000000000 -> 00a0da0d000000000000000000000000
  custom:video-encoder-webm-vp8: eb34c28f22e8b96e1ab97ce403110664 -> 
  custom:video-decoder-webm-vp8: 9c59270c3fd7afecdb556c50c9e8de78 -> 
  custom:audio-decoder-ogg-vorbis: bf7c407c2cedff20999df2af8eb42d56 -> 
  custom:audio-encoder-webm-vorbis: bf7c407c2cedff20999df2af8eb42d56 -> 
========================================================================
Received Import Request.
  path: Assets/Electr.vfx
  artifactKey: Guid(c5df96d27a44f1d4bad99ba0c87d0663) Importer(815301076,1909f56bfc062723c751e8b465ee728b)
Start importing Assets/Electr.vfx using Guid(c5df96d27a44f1d4bad99ba0c87d0663) Importer(815301076,1909f56bfc062723c751e8b465ee728b)  -> (artifact id: '5cd6b953a24ce1df280c2dcdf2c66f96') in 0.042262 seconds 
========================================================================
Received Import Request.
  Time since last request: 0.000239 seconds.
  path: Assets/NormalElectr.vfx
  artifactKey: Guid(43e9f7d607649e74fa52c352dd54d81a) Importer(815301076,1909f56bfc062723c751e8b465ee728b)
Start importing Assets/NormalElectr.vfx using Guid(43e9f7d607649e74fa52c352dd54d81a) Importer(815301076,1909f56bfc062723c751e8b465ee728b)  -> (artifact id: '7177c8d823a31881f13ceb84e660766d') in 0.009195 seconds 
========================================================================
Received Import Request.
  Time since last request: 413.270301 seconds.
  path: Assets/Images/Curie.png
  artifactKey: Guid(19bce1c853256db48ae7e0f1d6ccd343) Importer(815301076,1909f56bfc062723c751e8b465ee728b)
Start importing Assets/Images/Curie.png using Guid(19bce1c853256db48ae7e0f1d6ccd343) Importer(815301076,1909f56bfc062723c751e8b465ee728b)  -> (artifact id: 'e20b00e27b75d523c75254342e77bf95') in 0.102364 seconds 
========================================================================
Received Import Request.
  Time since last request: 0.000259 seconds.
  path: Assets/Images/Newton.png
  artifactKey: Guid(ea6d2fcc53003b248b346e6c6abac7f9) Importer(815301076,1909f56bfc062723c751e8b465ee728b)
Start importing Assets/Images/Newton.png using Guid(ea6d2fcc53003b248b346e6c6abac7f9) Importer(815301076,1909f56bfc062723c751e8b465ee728b)  -> (artifact id: '0c5b3b8191f915d679f8e7ce03491b18') in 0.047874 seconds 
========================================================================
Received Import Request.
  Time since last request: 0.000266 seconds.
  path: Assets/Images/Einstein.png
  artifactKey: Guid(a41598ea4f65ec14080d41b764ed5d7c) Importer(815301076,1909f56bfc062723c751e8b465ee728b)
Start importing Assets/Images/Einstein.png using Guid(a41598ea4f65ec14080d41b764ed5d7c) Importer(815301076,1909f56bfc062723c751e8b465ee728b)  -> (artifact id: '071dbcfb21e870894a9d9be12a161127') in 0.043278 seconds 
========================================================================
Received Import Request.
  Time since last request: 0.000272 seconds.
  path: Assets/Images/Hawking.png
  artifactKey: Guid(94e9f69056828ef48aaaa01dd926baea) Importer(815301076,1909f56bfc062723c751e8b465ee728b)
Start importing Assets/Images/Hawking.png using Guid(94e9f69056828ef48aaaa01dd926baea) Importer(815301076,1909f56bfc062723c751e8b465ee728b)  -> (artifact id: '7a695f91fb0df18f4702ce1e6ed5e42a') in 0.042564 seconds 
========================================================================
Received Import Request.
  Time since last request: 15.813926 seconds.
  path: Assets/NormalElectr.vfx
  artifactKey: Guid(43e9f7d607649e74fa52c352dd54d81a) Importer(815301076,1909f56bfc062723c751e8b465ee728b)
Start importing Assets/NormalElectr.vfx using Guid(43e9f7d607649e74fa52c352dd54d81a) Importer(815301076,1909f56bfc062723c751e8b465ee728b)  -> (artifact id: '37556482ffa0e9b9dd2b9c77576a64f8') in 0.003575 seconds 
========================================================================
Received Import Request.
  Time since last request: 1272.764305 seconds.
  path: Assets/Electr.vfx
  artifactKey: Guid(c5df96d27a44f1d4bad99ba0c87d0663) Importer(815301076,1909f56bfc062723c751e8b465ee728b)
Start importing Assets/Electr.vfx using Guid(c5df96d27a44f1d4bad99ba0c87d0663) Importer(815301076,1909f56bfc062723c751e8b465ee728b)  -> (artifact id: 'b0b7bbc913424b2fe2ea79113a90f301') in 0.004251 seconds 
========================================================================
Received Import Request.
  Time since last request: 314.118060 seconds.
  path: Assets/Images/Newton.pcache
  artifactKey: Guid(b63f7ef97dcb96c4c956d0e5ad543449) Importer(815301076,1909f56bfc062723c751e8b465ee728b)
Start importing Assets/Images/Newton.pcache using Guid(b63f7ef97dcb96c4c956d0e5ad543449) Importer(815301076,1909f56bfc062723c751e8b465ee728b)  -> (artifact id: '530c511ee1eb860563cfc65750e00002') in 0.022459 seconds 
========================================================================
Received Import Request.
  Time since last request: 14.525173 seconds.
  path: Assets/Images/Curie.pcache
  artifactKey: Guid(d9cf28575d2483845949e1f8f3ac5ec8) Importer(815301076,1909f56bfc062723c751e8b465ee728b)
Start importing Assets/Images/Curie.pcache using Guid(d9cf28575d2483845949e1f8f3ac5ec8) Importer(815301076,1909f56bfc062723c751e8b465ee728b)  -> (artifact id: '799980721597ae1ccab970b284f028d2') in 0.023980 seconds 
========================================================================
Received Prepare
Registering precompiled user dll's ...
Registered in 0.002809 seconds.
Begin MonoManager ReloadAssembly
Native extension for WindowsStandalone target not found
Refreshing native plugins compatible for Editor in 0.96 ms, found 2 plugins.
Preloading 0 native plugins for Editor in 0.00 ms.
Mono: successfully reloaded assembly
- Completed reload, in  1.297 seconds
Domain Reload Profiling:
	ReloadAssembly (1297ms)
		BeginReloadAssembly (127ms)
			ExecutionOrderSort (0ms)
			DisableScriptedObjects (5ms)
			BackupInstance (0ms)
			ReleaseScriptingObjects (0ms)
			CreateAndSetChildDomain (43ms)
		EndReloadAssembly (1108ms)
			LoadAssemblies (95ms)
			RebuildTransferFunctionScriptingTraits (0ms)
			SetupTypeCache (399ms)
			ReleaseScriptCaches (2ms)
			RebuildScriptCaches (78ms)
			SetupLoadedEditorAssemblies (353ms)
				LogAssemblyErrors (0ms)
				InitializePlatformSupportModulesInManaged (5ms)
				SetLoadedEditorAssemblies (0ms)
				RefreshPlugins (1ms)
				BeforeProcessingInitializeOnLoad (76ms)
				ProcessInitializeOnLoadAttributes (251ms)
				ProcessInitializeOnLoadMethodAttributes (13ms)
				AfterProcessingInitializeOnLoad (6ms)
				EditorAssembliesLoaded (0ms)
			ExecutionOrderSort2 (0ms)
			AwakeInstancesAfterBackupRestoration (20ms)
Platform modules already initialized, skipping
Refreshing native plugins compatible for Editor in 0.75 ms, found 2 plugins.
Preloading 0 native plugins for Editor in 0.00 ms.
Unloading 3473 Unused Serialized files (Serialized files now loaded: 0)
System memory in use before: 176.6 MB.
System memory in use after: 176.9 MB.

Unloading 14 unused Assets to reduce memory usage. Loaded Objects now: 4133.
Total: 3.612100 ms (FindLiveObjects: 0.302200 ms CreateObjectMapping: 0.235500 ms MarkObjects: 3.054000 ms  DeleteObjects: 0.019400 ms)

AssetImportParameters requested are different than current active one (requested -> active):
  custom:framework-win-MediaFoundation: 216162199b28c13a410421893ffa2e32 -> 
  custom:video-decoder-ogg-theora: a1e56fd34408186e4bbccfd4996cb3dc -> 
  custom:container-muxer-webm: aa71ff27fc2769a1b78a27578f13a17b -> 
  custom:container-demuxer-webm: 4f35f7cbe854078d1ac9338744f61a02 -> 
  custom:container-demuxer-ogg: 62fdf1f143b41e24485cea50d1cbac27 -> 
  custom:srp/default-shader: 0d000000000000000000000000000000 -> 00a0da0d000000000000000000000000
  custom:video-encoder-webm-vp8: eb34c28f22e8b96e1ab97ce403110664 -> 
  custom:video-decoder-webm-vp8: 9c59270c3fd7afecdb556c50c9e8de78 -> 
  custom:audio-decoder-ogg-vorbis: bf7c407c2cedff20999df2af8eb42d56 -> 
  custom:audio-encoder-webm-vorbis: bf7c407c2cedff20999df2af8eb42d56 -> 
========================================================================
Received Import Request.
  Time since last request: 83.682061 seconds.
  path: Assets/Images/Hawking.pcache
  artifactKey: Guid(2c491b215d54a3744bafbdcdfb9afad2) Importer(815301076,1909f56bfc062723c751e8b465ee728b)
Start importing Assets/Images/Hawking.pcache using Guid(2c491b215d54a3744bafbdcdfb9afad2) Importer(815301076,1909f56bfc062723c751e8b465ee728b)  -> (artifact id: 'c353708add69d6bb2cf6cbeaabfbd993') in 0.045785 seconds 
========================================================================
Received Import Request.
  Time since last request: 30.609212 seconds.
  path: Assets/Images/Einstein.pcache
  artifactKey: Guid(34cb9ce8745da1344a8b89cc16f10a80) Importer(815301076,1909f56bfc062723c751e8b465ee728b)
Start importing Assets/Images/Einstein.pcache using Guid(34cb9ce8745da1344a8b89cc16f10a80) Importer(815301076,1909f56bfc062723c751e8b465ee728b)  -> (artifact id: 'd32cb401f2ca39bc7c0def7920c6b27d') in 0.040743 seconds 
========================================================================
Received Prepare
Registering precompiled user dll's ...
Registered in 0.002993 seconds.
Begin MonoManager ReloadAssembly
Native extension for WindowsStandalone target not found
Refreshing native plugins compatible for Editor in 0.89 ms, found 2 plugins.
Preloading 0 native plugins for Editor in 0.00 ms.
Mono: successfully reloaded assembly
- Completed reload, in  1.578 seconds
Domain Reload Profiling:
	ReloadAssembly (1578ms)
		BeginReloadAssembly (146ms)
			ExecutionOrderSort (0ms)
			DisableScriptedObjects (8ms)
			BackupInstance (0ms)
			ReleaseScriptingObjects (0ms)
			CreateAndSetChildDomain (58ms)
		EndReloadAssembly (1351ms)
			LoadAssemblies (107ms)
			RebuildTransferFunctionScriptingTraits (0ms)
			SetupTypeCache (472ms)
			ReleaseScriptCaches (5ms)
			RebuildScriptCaches (136ms)
			SetupLoadedEditorAssemblies (396ms)
				LogAssemblyErrors (0ms)
				InitializePlatformSupportModulesInManaged (5ms)
				SetLoadedEditorAssemblies (1ms)
				RefreshPlugins (1ms)
				BeforeProcessingInitializeOnLoad (102ms)
				ProcessInitializeOnLoadAttributes (267ms)
				ProcessInitializeOnLoadMethodAttributes (15ms)
				AfterProcessingInitializeOnLoad (6ms)
				EditorAssembliesLoaded (0ms)
			ExecutionOrderSort2 (0ms)
			AwakeInstancesAfterBackupRestoration (20ms)
Platform modules already initialized, skipping
Refreshing native plugins compatible for Editor in 0.73 ms, found 2 plugins.
Preloading 0 native plugins for Editor in 0.00 ms.
Unloading 3469 Unused Serialized files (Serialized files now loaded: 0)
System memory in use before: 187.0 MB.
System memory in use after: 187.2 MB.

Unloading 14 unused Assets to reduce memory usage. Loaded Objects now: 4165.
Total: 5.671300 ms (FindLiveObjects: 0.335200 ms CreateObjectMapping: 0.171500 ms MarkObjects: 5.119300 ms  DeleteObjects: 0.043600 ms)

AssetImportParameters requested are different than current active one (requested -> active):
  custom:framework-win-MediaFoundation: 216162199b28c13a410421893ffa2e32 -> 
  custom:video-decoder-ogg-theora: a1e56fd34408186e4bbccfd4996cb3dc -> 
  custom:container-muxer-webm: aa71ff27fc2769a1b78a27578f13a17b -> 
  custom:container-demuxer-webm: 4f35f7cbe854078d1ac9338744f61a02 -> 
  custom:container-demuxer-ogg: 62fdf1f143b41e24485cea50d1cbac27 -> 
  custom:srp/default-shader: 0d000000000000000000000000000000 -> 00a0da0d000000000000000000000000
  custom:video-encoder-webm-vp8: eb34c28f22e8b96e1ab97ce403110664 -> 
  custom:video-decoder-webm-vp8: 9c59270c3fd7afecdb556c50c9e8de78 -> 
  custom:audio-decoder-ogg-vorbis: bf7c407c2cedff20999df2af8eb42d56 -> 
  custom:audio-encoder-webm-vorbis: bf7c407c2cedff20999df2af8eb42d56 -> 
========================================================================
Received Import Request.
  Time since last request: 2430.455165 seconds.
  path: Assets/Images/Curie.png
  artifactKey: Guid(19bce1c853256db48ae7e0f1d6ccd343) Importer(815301076,1909f56bfc062723c751e8b465ee728b)
Start importing Assets/Images/Curie.png using Guid(19bce1c853256db48ae7e0f1d6ccd343) Importer(815301076,1909f56bfc062723c751e8b465ee728b)  -> (artifact id: '7222d8ac59b8d40f2614b62165bc566b') in 0.076949 seconds 
========================================================================
Received Import Request.
  Time since last request: 0.000214 seconds.
  path: Assets/Images/Newton.png
  artifactKey: Guid(ea6d2fcc53003b248b346e6c6abac7f9) Importer(815301076,1909f56bfc062723c751e8b465ee728b)
Start importing Assets/Images/Newton.png using Guid(ea6d2fcc53003b248b346e6c6abac7f9) Importer(815301076,1909f56bfc062723c751e8b465ee728b)  -> (artifact id: 'd0802578a54fd8d70aac168a20087c29') in 0.007543 seconds 
========================================================================
Received Import Request.
  Time since last request: 0.000233 seconds.
  path: Assets/Images/Einstein.png
  artifactKey: Guid(a41598ea4f65ec14080d41b764ed5d7c) Importer(815301076,1909f56bfc062723c751e8b465ee728b)
Start importing Assets/Images/Einstein.png using Guid(a41598ea4f65ec14080d41b764ed5d7c) Importer(815301076,1909f56bfc062723c751e8b465ee728b)  -> (artifact id: '0e0fd9201fa32b17ea7d46db4bc37ecd') in 0.009742 seconds 
========================================================================
Received Import Request.
  Time since last request: 0.000329 seconds.
  path: Assets/Images/Hawking.png
  artifactKey: Guid(94e9f69056828ef48aaaa01dd926baea) Importer(815301076,1909f56bfc062723c751e8b465ee728b)
Start importing Assets/Images/Hawking.png using Guid(94e9f69056828ef48aaaa01dd926baea) Importer(815301076,1909f56bfc062723c751e8b465ee728b)  -> (artifact id: 'd4b68d996c04fcc69ef87ff2c24ab838') in 0.009790 seconds 
========================================================================
Received Import Request.
  Time since last request: 11.358210 seconds.
  path: Assets/Images/Newton.pcache
  artifactKey: Guid(b63f7ef97dcb96c4c956d0e5ad543449) Importer(815301076,1909f56bfc062723c751e8b465ee728b)
Start importing Assets/Images/Newton.pcache using Guid(b63f7ef97dcb96c4c956d0e5ad543449) Importer(815301076,1909f56bfc062723c751e8b465ee728b)  -> (artifact id: '4d23a1450d26be967a14f0e80d51ce2f') in 0.009370 seconds 
========================================================================
Received Prepare
Registering precompiled user dll's ...
Registered in 0.019231 seconds.
Begin MonoManager ReloadAssembly
Native extension for WindowsStandalone target not found
Refreshing native plugins compatible for Editor in 0.76 ms, found 2 plugins.
Preloading 0 native plugins for Editor in 0.00 ms.
Mono: successfully reloaded assembly
- Completed reload, in  1.426 seconds
Domain Reload Profiling:
	ReloadAssembly (1426ms)
		BeginReloadAssembly (177ms)
			ExecutionOrderSort (0ms)
			DisableScriptedObjects (7ms)
			BackupInstance (0ms)
			ReleaseScriptingObjects (0ms)
			CreateAndSetChildDomain (77ms)
		EndReloadAssembly (1180ms)
			LoadAssemblies (108ms)
			RebuildTransferFunctionScriptingTraits (0ms)
			SetupTypeCache (414ms)
			ReleaseScriptCaches (3ms)
			RebuildScriptCaches (80ms)
			SetupLoadedEditorAssemblies (414ms)
				LogAssemblyErrors (0ms)
				InitializePlatformSupportModulesInManaged (6ms)
				SetLoadedEditorAssemblies (0ms)
				RefreshPlugins (1ms)
				BeforeProcessingInitializeOnLoad (81ms)
				ProcessInitializeOnLoadAttributes (304ms)
				ProcessInitializeOnLoadMethodAttributes (14ms)
				AfterProcessingInitializeOnLoad (7ms)
				EditorAssembliesLoaded (0ms)
			ExecutionOrderSort2 (0ms)
			AwakeInstancesAfterBackupRestoration (27ms)
Platform modules already initialized, skipping
Refreshing native plugins compatible for Editor in 0.86 ms, found 2 plugins.
Preloading 0 native plugins for Editor in 0.00 ms.
Unloading 3467 Unused Serialized files (Serialized files now loaded: 0)
System memory in use before: 188.9 MB.
System memory in use after: 189.2 MB.

Unloading 14 unused Assets to reduce memory usage. Loaded Objects now: 4237.
Total: 3.667100 ms (FindLiveObjects: 0.284100 ms CreateObjectMapping: 0.183400 ms MarkObjects: 3.174100 ms  DeleteObjects: 0.024300 ms)

AssetImportParameters requested are different than current active one (requested -> active):
  custom:framework-win-MediaFoundation: 216162199b28c13a410421893ffa2e32 -> 
  custom:video-decoder-ogg-theora: a1e56fd34408186e4bbccfd4996cb3dc -> 
  custom:container-muxer-webm: aa71ff27fc2769a1b78a27578f13a17b -> 
  custom:container-demuxer-webm: 4f35f7cbe854078d1ac9338744f61a02 -> 
  custom:container-demuxer-ogg: 62fdf1f143b41e24485cea50d1cbac27 -> 
  custom:srp/default-shader: 0d000000000000000000000000000000 -> 00a0da0d000000000000000000000000
  custom:video-encoder-webm-vp8: eb34c28f22e8b96e1ab97ce403110664 -> 
  custom:video-decoder-webm-vp8: 9c59270c3fd7afecdb556c50c9e8de78 -> 
  custom:audio-decoder-ogg-vorbis: bf7c407c2cedff20999df2af8eb42d56 -> 
  custom:audio-encoder-webm-vorbis: bf7c407c2cedff20999df2af8eb42d56 -> 
========================================================================
Received Import Request.
  Time since last request: 53.823203 seconds.
  path: Assets/Images/Curie.pcache
  artifactKey: Guid(d9cf28575d2483845949e1f8f3ac5ec8) Importer(815301076,1909f56bfc062723c751e8b465ee728b)
Start importing Assets/Images/Curie.pcache using Guid(d9cf28575d2483845949e1f8f3ac5ec8) Importer(815301076,1909f56bfc062723c751e8b465ee728b)  -> (artifact id: 'cddded2bd196e77ad96ee2bdaef10cf8') in 0.050859 seconds 
========================================================================
Received Import Request.
  Time since last request: 49.678358 seconds.
  path: Assets/Einstein.pcache
  artifactKey: Guid(9e59e289e4f1dc94aa2b2eaef5bd5a22) Importer(815301076,1909f56bfc062723c751e8b465ee728b)
Start importing Assets/Einstein.pcache using Guid(9e59e289e4f1dc94aa2b2eaef5bd5a22) Importer(815301076,1909f56bfc062723c751e8b465ee728b)  -> (artifact id: '70e96a04868080438b9cb4f8d8b98cd3') in 0.014807 seconds 
========================================================================
Received Import Request.
  Time since last request: 0.000206 seconds.
  path: Assets/Electr.vfx
  artifactKey: Guid(c5df96d27a44f1d4bad99ba0c87d0663) Importer(815301076,1909f56bfc062723c751e8b465ee728b)
Start importing Assets/Electr.vfx using Guid(c5df96d27a44f1d4bad99ba0c87d0663) Importer(815301076,1909f56bfc062723c751e8b465ee728b)  -> (artifact id: '219f6e57c6364e23b2f533dbd7e24c08') in 0.004171 seconds 
========================================================================
Received Import Request.
  Time since last request: 37.129380 seconds.
  path: Assets/Images/Hawking.pcache
  artifactKey: Guid(2c491b215d54a3744bafbdcdfb9afad2) Importer(815301076,1909f56bfc062723c751e8b465ee728b)
Start importing Assets/Images/Hawking.pcache using Guid(2c491b215d54a3744bafbdcdfb9afad2) Importer(815301076,1909f56bfc062723c751e8b465ee728b)  -> (artifact id: '8514bd91dd6e09f17d2b302271c36784') in 0.010928 seconds 
========================================================================
Received Import Request.
  Time since last request: 194.217854 seconds.
  path: Assets/Images/Einstein.png
  artifactKey: Guid(a41598ea4f65ec14080d41b764ed5d7c) Importer(815301076,1909f56bfc062723c751e8b465ee728b)
Start importing Assets/Images/Einstein.png using Guid(a41598ea4f65ec14080d41b764ed5d7c) Importer(815301076,1909f56bfc062723c751e8b465ee728b)  -> (artifact id: '906b7ec611736a33f4a24f94ef58c236') in 0.007159 seconds 
========================================================================
Received Import Request.
  Time since last request: 16.944616 seconds.
  path: Assets/Images/Einstein.pcache
  artifactKey: Guid(9e59e289e4f1dc94aa2b2eaef5bd5a22) Importer(815301076,1909f56bfc062723c751e8b465ee728b)
Start importing Assets/Images/Einstein.pcache using Guid(9e59e289e4f1dc94aa2b2eaef5bd5a22) Importer(815301076,1909f56bfc062723c751e8b465ee728b)  -> (artifact id: 'f99d4e62fa4daab105a22df2085fb227') in 0.012541 seconds 
AssetImportWorkerClient::OnTransportError - code=2 error=End of file
